<?xml version="1.0" encoding="UTF-8"?>
<testng-results skipped="0" failed="0" ignored="0" total="1" passed="1">
  <reporter-output>
  </reporter-output>
  <suite name="Default suite" duration-ms="177316" started-at="2018-02-11T23:28:07Z" finished-at="2018-02-11T23:31:04Z">
    <groups>
    </groups>
    <test name="Default test" duration-ms="177316" started-at="2018-02-11T23:28:07Z" finished-at="2018-02-11T23:31:04Z">
      <class name="com.test.Test003">
        <test-method status="PASS" signature="setUp()[pri:0, instance:com.test.Test003@27efef64]" name="setUp" is-config="true" duration-ms="138212" started-at="2018-02-11T18:28:07Z" finished-at="2018-02-11T18:30:25Z">
          <reporter-output>
          </reporter-output>
        </test-method> <!-- setUp -->
        <test-method status="PASS" signature="test003()[pri:0, instance:com.test.Test003@27efef64]" name="test003" duration-ms="39085" started-at="2018-02-11T18:30:25Z" finished-at="2018-02-11T18:31:04Z">
          <reporter-output>
          </reporter-output>
        </test-method> <!-- test003 -->
      </class> <!-- com.test.Test003 -->
    </test> <!-- Default test -->
  </suite> <!-- Default suite -->
</testng-results>
